2021-11-09T04:24:44+00:00 CRITICAL Uncaught Error: Undefined constant "WP_ENVIRONMENT_TYPE" in C:\xampp\htdocs\anhdt\wp-content\plugins\woocommerce\packages\woocommerce-admin\src\Schedulers\MailchimpScheduler.php:90
Stack trace:
#0 C:\xampp\htdocs\anhdt\wp-content\plugins\woocommerce\packages\woocommerce-admin\src\Schedulers\MailchimpScheduler.php(90): constant('WP_ENVIRONMENT_...')
#1 C:\xampp\htdocs\anhdt\wp-content\plugins\woocommerce\packages\woocommerce-admin\src\Schedulers\MailchimpScheduler.php(58): Automattic\WooCommerce\Admin\Schedulers\MailchimpScheduler->make_request('dangtuananh.hvt...')
#2 C:\xampp\htdocs\anhdt\wp-content\plugins\woocommerce\packages\woocommerce-admin\src\Events.php(109): Automattic\WooCommerce\Admin\Schedulers\MailchimpScheduler->run()
#3 C:\xampp\htdocs\anhdt\wp-includes\class-wp-hook.php(303): Automattic\WooCommerce\Admin\Events->do_wc_admin_daily()
#4 C:\xampp\htdocs\anhdt\wp-includes\class-wp-hook.php(327): WP_Hook->apply_filters('', Array)
#5 C:\xampp\htdocs\anhdt\wp-includes\plugin.php(518): WP_Hook->do_action(Array)
#6 C:\xampp\htdocs\anhdt\wp-cron.php(138): do_action_ref_array('wc_admin_daily', Array)
#7 {main}
  thrown in C:\xampp\htdocs\anhdt\wp-content\plugins\woocommerce\packages\woocommerce-admin\src\Schedulers\MailchimpScheduler.php on line 90

2021-11-09T06:59:21+00:00 CRITICAL Uncaught TypeError: call_user_func_array(): Argument #1 ($function) must be a valid callback, function "action_woocommerce_after_shop_loop_item_title" not found or invalid function name in C:\xampp\htdocs\anhdt\wp-includes\class-wp-hook.php:303
Stack trace:
#0 C:\xampp\htdocs\anhdt\wp-includes\class-wp-hook.php(327): WP_Hook->apply_filters(NULL, Array)
#1 C:\xampp\htdocs\anhdt\wp-includes\plugin.php(470): WP_Hook->do_action(Array)
#2 C:\xampp\htdocs\anhdt\wp-content\plugins\woocommerce\templates\content-product.php(57): do_action('woocommerce_aft...')
#3 C:\xampp\htdocs\anhdt\wp-includes\template.php(772): require('C:\\xampp\\htdocs...')
#4 C:\xampp\htdocs\anhdt\wp-content\plugins\woocommerce\includes\wc-core-functions.php(284): load_template('C:\\xampp\\htdocs...', false)
#5 C:\xampp\htdocs\anhdt\wp-content\plugins\woocommerce\templates\single-product\related.php(43): wc_get_template_part('content', 'product')
#6 C:\xampp\htdocs\anhdt\wp-content\plugins\woocommerce\includes\wc-core-functions.php(345): include('C:\\xampp\\htdocs...')
#7 C:\xampp\htdocs\anhdt\wp-content\plugins\woocommerce\includes\wc-template-functions.php(2024): wc_get_template('single-product/...', Array)
#8 C:\xampp\htdocs\anhdt\wp-content\plugins\woocommerce\includes\wc-template-functions.php(1987): woocommerce_related_products(Array)
#9 C:\xampp\htdocs\anhdt\wp-includes\class-wp-hook.php(303): woocommerce_output_related_products('')
#10 C:\xampp\htdocs\anhdt\wp-includes\class-wp-hook.php(327): WP_Hook->apply_filters(NULL, Array)
#11 C:\xampp\htdocs\anhdt\wp-includes\plugin.php(470): WP_Hook->do_action(Array)
#12 C:\xampp\htdocs\anhdt\wp-content\plugins\woocommerce\templates\content-single-product.php(72): do_action('woocommerce_aft...')
#13 C:\xampp\htdocs\anhdt\wp-includes\template.php(772): require('C:\\xampp\\htdocs...')
#14 C:\xampp\htdocs\anhdt\wp-content\plugins\woocommerce\includes\wc-core-functions.php(284): load_template('C:\\xampp\\htdocs...', false)
#15 C:\xampp\htdocs\anhdt\wp-content\plugins\woocommerce\includes\class-wc-shortcodes.php(598): wc_get_template_part('content', 'single-product')
#16 C:\xampp\htdocs\anhdt\wp-includes\shortcodes.php(356): WC_Shortcodes::product_page(Array, '', 'product_page')
#17 [internal function]: do_shortcode_tag(Array)
#18 C:\xampp\htdocs\anhdt\wp-includes\shortcodes.php(228): preg_replace_callback('/\\[(\\[?)(produc...', 'do_shortcode_ta...', '[product_page i...')
#19 C:\xampp\htdocs\anhdt\wp-content\plugins\woocommerce\includes\class-wc-template-loader.php(555): do_shortcode('[product_page i...')
#20 C:\xampp\htdocs\anhdt\wp-includes\class-wp-hook.php(303): WC_Template_Loader::unsupported_theme_product_content_filter('<p>I had a hard...')
#21 C:\xampp\htdocs\anhdt\wp-includes\plugin.php(189): WP_Hook->apply_filters('<p>I had a hard...', Array)
#22 C:\xampp\htdocs\anhdt\wp-includes\post-template.php(253): apply_filters('the_content', 'I had a hard ti...')
#23 C:\xampp\htdocs\anhdt\wp-content\themes\emptytheme\template-parts\content.php(47): the_content('Continue readin...')
#24 C:\xampp\htdocs\anhdt\wp-includes\template.php(772): require('C:\\xampp\\htdocs...')
#25 C:\xampp\htdocs\anhdt\wp-includes\template.php(716): load_template('C:\\xampp\\htdocs...', false, Array)
#26 C:\xampp\htdocs\anhdt\wp-includes\general-template.php(204): locate_template(Array, true, false, Array)
#27 C:\xampp\htdocs\anhdt\wp-content\themes\emptytheme\single.php(19): get_template_part('template-parts/...', 'product')
#28 C:\xampp\htdocs\anhdt\wp-includes\template-loader.php(106): include('C:\\xampp\\htdocs...')
#29 C:\xampp\htdocs\anhdt\wp-blog-header.php(19): require_once('C:\\xampp\\htdocs...')
#30 C:\xampp\htdocs\anhdt\index.php(17): require('C:\\xampp\\htdocs...')
#31 {main}
  thrown in C:\xampp\htdocs\anhdt\wp-includes\class-wp-hook.php on line 303

2021-11-09T06:59:26+00:00 CRITICAL Uncaught Error: Undefined constant "WP_ENVIRONMENT_TYPE" in C:\xampp\htdocs\anhdt\wp-content\plugins\woocommerce\packages\woocommerce-admin\src\Schedulers\MailchimpScheduler.php:90
Stack trace:
#0 C:\xampp\htdocs\anhdt\wp-content\plugins\woocommerce\packages\woocommerce-admin\src\Schedulers\MailchimpScheduler.php(90): constant('WP_ENVIRONMENT_...')
#1 C:\xampp\htdocs\anhdt\wp-content\plugins\woocommerce\packages\woocommerce-admin\src\Schedulers\MailchimpScheduler.php(58): Automattic\WooCommerce\Admin\Schedulers\MailchimpScheduler->make_request('dangtuananh.hvt...')
#2 C:\xampp\htdocs\anhdt\wp-content\plugins\woocommerce\packages\woocommerce-admin\src\Events.php(109): Automattic\WooCommerce\Admin\Schedulers\MailchimpScheduler->run()
#3 C:\xampp\htdocs\anhdt\wp-includes\class-wp-hook.php(303): Automattic\WooCommerce\Admin\Events->do_wc_admin_daily()
#4 C:\xampp\htdocs\anhdt\wp-includes\class-wp-hook.php(327): WP_Hook->apply_filters('', Array)
#5 C:\xampp\htdocs\anhdt\wp-includes\plugin.php(518): WP_Hook->do_action(Array)
#6 C:\xampp\htdocs\anhdt\wp-cron.php(138): do_action_ref_array('wc_admin_daily', Array)
#7 {main}
  thrown in C:\xampp\htdocs\anhdt\wp-content\plugins\woocommerce\packages\woocommerce-admin\src\Schedulers\MailchimpScheduler.php on line 90

